<?xml version="1.0" encoding="UTF-8"?>
<testsuite xmlns:xsi="http://www.w3.org/2001/XMLSchema-instance" xsi:noNamespaceSchemaLocation="https://maven.apache.org/surefire/maven-surefire-plugin/xsd/surefire-test-report-3.0.xsd" version="3.0" name="lightning.LatticeGridTest" time="0.897" tests="1" errors="0" skipped="0" failures="0">
  <properties>
    <property name="java.specification.version" value="19"/>
    <property name="sun.jnu.encoding" value="UTF-8"/>
    <property name="java.class.path" value="/home/bernstein/Projex/Code/EclipseWorqueRooms/blitz/lightning/target/test-classes:/home/bernstein/Projex/Code/EclipseWorqueRooms/blitz/lightning/target/classes:/home/bernstein/.m2/repository/jborg/myToolBoxMavenOld/0.0.1-SNAPSHOT/myToolBoxMavenOld-0.0.1-SNAPSHOT.jar:/home/bernstein/.m2/repository/org/openjfx/javafx-controls/13/javafx-controls-13.jar:/home/bernstein/.m2/repository/org/openjfx/javafx-controls/13/javafx-controls-13-linux.jar:/home/bernstein/.m2/repository/org/openjfx/javafx-graphics/13/javafx-graphics-13.jar:/home/bernstein/.m2/repository/org/openjfx/javafx-graphics/13/javafx-graphics-13-linux.jar:/home/bernstein/.m2/repository/org/openjfx/javafx-base/13/javafx-base-13.jar:/home/bernstein/.m2/repository/org/openjfx/javafx-base/13/javafx-base-13-linux.jar:/home/bernstein/.m2/repository/org/junit/jupiter/junit-jupiter-engine/5.9.1/junit-jupiter-engine-5.9.1.jar:/home/bernstein/.m2/repository/org/junit/platform/junit-platform-engine/1.9.1/junit-platform-engine-1.9.1.jar:/home/bernstein/.m2/repository/org/opentest4j/opentest4j/1.2.0/opentest4j-1.2.0.jar:/home/bernstein/.m2/repository/org/junit/platform/junit-platform-commons/1.9.1/junit-platform-commons-1.9.1.jar:/home/bernstein/.m2/repository/org/junit/jupiter/junit-jupiter-api/5.9.1/junit-jupiter-api-5.9.1.jar:/home/bernstein/.m2/repository/org/apiguardian/apiguardian-api/1.1.2/apiguardian-api-1.1.2.jar:"/>
    <property name="java.vm.vendor" value="Private Build"/>
    <property name="sun.arch.data.model" value="64"/>
    <property name="java.vendor.url" value="Unknown"/>
    <property name="os.name" value="Linux"/>
    <property name="java.vm.specification.version" value="19"/>
    <property name="sun.java.launcher" value="SUN_STANDARD"/>
    <property name="user.country" value="DE"/>
    <property name="sun.boot.library.path" value="/usr/lib/jvm/java-19-openjdk-amd64/lib"/>
    <property name="sun.java.command" value="/home/bernstein/Projex/Code/EclipseWorqueRooms/blitz/lightning/target/surefire/surefirebooter-20240413231240752_3.jar /home/bernstein/Projex/Code/EclipseWorqueRooms/blitz/lightning/target/surefire 2024-04-13T23-12-40_323-jvmRun1 surefire-20240413231240752_1tmp surefire_0-20240413231240752_2tmp"/>
    <property name="jdk.debug" value="release"/>
    <property name="surefire.test.class.path" value="/home/bernstein/Projex/Code/EclipseWorqueRooms/blitz/lightning/target/test-classes:/home/bernstein/Projex/Code/EclipseWorqueRooms/blitz/lightning/target/classes:/home/bernstein/.m2/repository/jborg/myToolBoxMavenOld/0.0.1-SNAPSHOT/myToolBoxMavenOld-0.0.1-SNAPSHOT.jar:/home/bernstein/.m2/repository/org/openjfx/javafx-controls/13/javafx-controls-13.jar:/home/bernstein/.m2/repository/org/openjfx/javafx-controls/13/javafx-controls-13-linux.jar:/home/bernstein/.m2/repository/org/openjfx/javafx-graphics/13/javafx-graphics-13.jar:/home/bernstein/.m2/repository/org/openjfx/javafx-graphics/13/javafx-graphics-13-linux.jar:/home/bernstein/.m2/repository/org/openjfx/javafx-base/13/javafx-base-13.jar:/home/bernstein/.m2/repository/org/openjfx/javafx-base/13/javafx-base-13-linux.jar:/home/bernstein/.m2/repository/org/junit/jupiter/junit-jupiter-engine/5.9.1/junit-jupiter-engine-5.9.1.jar:/home/bernstein/.m2/repository/org/junit/platform/junit-platform-engine/1.9.1/junit-platform-engine-1.9.1.jar:/home/bernstein/.m2/repository/org/opentest4j/opentest4j/1.2.0/opentest4j-1.2.0.jar:/home/bernstein/.m2/repository/org/junit/platform/junit-platform-commons/1.9.1/junit-platform-commons-1.9.1.jar:/home/bernstein/.m2/repository/org/junit/jupiter/junit-jupiter-api/5.9.1/junit-jupiter-api-5.9.1.jar:/home/bernstein/.m2/repository/org/apiguardian/apiguardian-api/1.1.2/apiguardian-api-1.1.2.jar:"/>
    <property name="sun.cpu.endian" value="little"/>
    <property name="user.home" value="/home/bernstein"/>
    <property name="user.language" value="de"/>
    <property name="java.specification.vendor" value="Oracle Corporation"/>
    <property name="java.version.date" value="2023-01-17"/>
    <property name="java.home" value="/usr/lib/jvm/java-19-openjdk-amd64"/>
    <property name="file.separator" value="/"/>
    <property name="basedir" value="/home/bernstein/Projex/Code/EclipseWorqueRooms/blitz/lightning"/>
    <property name="style.color" value="always"/>
    <property name="java.vm.compressedOopsMode" value="32-bit"/>
    <property name="line.separator" value="&#10;"/>
    <property name="java.specification.name" value="Java Platform API Specification"/>
    <property name="java.vm.specification.vendor" value="Oracle Corporation"/>
    <property name="surefire.real.class.path" value="/home/bernstein/Projex/Code/EclipseWorqueRooms/blitz/lightning/target/surefire/surefirebooter-20240413231240752_3.jar"/>
    <property name="sun.management.compiler" value="HotSpot 64-Bit Tiered Compilers"/>
    <property name="java.runtime.version" value="19.0.2+7-Ubuntu-0ubuntu322.04"/>
    <property name="user.name" value="bernstein"/>
    <property name="stdout.encoding" value="UTF-8"/>
    <property name="path.separator" value=":"/>
    <property name="os.version" value="6.5.0-27-generic"/>
    <property name="java.runtime.name" value="OpenJDK Runtime Environment"/>
    <property name="file.encoding" value="UTF-8"/>
    <property name="java.vm.name" value="OpenJDK 64-Bit Server VM"/>
    <property name="localRepository" value="/home/bernstein/.m2/repository"/>
    <property name="java.vendor.url.bug" value="Unknown"/>
    <property name="java.io.tmpdir" value="/tmp"/>
    <property name="java.version" value="19.0.2"/>
    <property name="user.dir" value="/home/bernstein/Projex/Code/EclipseWorqueRooms/blitz/lightning"/>
    <property name="os.arch" value="amd64"/>
    <property name="java.vm.specification.name" value="Java Virtual Machine Specification"/>
    <property name="native.encoding" value="UTF-8"/>
    <property name="java.library.path" value="/usr/java/packages/lib:/usr/lib/x86_64-linux-gnu/jni:/lib/x86_64-linux-gnu:/usr/lib/x86_64-linux-gnu:/usr/lib/jni:/lib:/usr/lib"/>
    <property name="java.vm.info" value="mixed mode, sharing"/>
    <property name="stderr.encoding" value="UTF-8"/>
    <property name="java.vendor" value="Private Build"/>
    <property name="java.vm.version" value="19.0.2+7-Ubuntu-0ubuntu322.04"/>
    <property name="sun.io.unicode.encoding" value="UnicodeLittle"/>
    <property name="java.class.version" value="63.0"/>
  </properties>
  <testcase name="testLatticeGrid" classname="lightning.LatticeGridTest" time="0.849">
    <system-out><![CDATA[LatticeCode: 8
Tile(2, 1) has Lattice on Top: true
LatticeCode: 10
Tile(2, 2) has Lattice on Bottom: true
LatticeCode: 10
Tile(2, 2) has Lattice on Top: true
LatticeCode: 2
Tile(2, 3) has Lattice on Bottom: true
LatticeCode: 4
Tile(4, 5) has Lattice on Right: true
LatticeCode: 1
Tile(5, 5) has Lattice on Left: true
LatticeCode: 4
Tile(6, 7) has Lattice on Right: true
LatticeCode: 5
Tile(7, 7) has Lattice on Right: true
LatticeCode: 5
Tile(7, 7) has Lattice on Left: true
LatticeCode: 1
Tile(8, 7) has Lattice on Left: true
AffectedTiles: 8
]]></system-out>
  </testcase>
</testsuite>