<?xml version="1.0" encoding="UTF-8"?>
<testsuite xmlns:xsi="http://www.w3.org/2001/XMLSchema-instance" xsi:noNamespaceSchemaLocation="https://maven.apache.org/surefire/maven-surefire-plugin/xsd/surefire-test-report-3.0.xsd" version="3.0" name="lightning.LatticeTileGridCanvasTest" time="0.714" tests="7" errors="0" skipped="0" failures="0">
  <properties>
    <property name="java.specification.version" value="19"/>
    <property name="javafx.runtime.version" value="13+14"/>
    <property name="sun.jnu.encoding" value="UTF-8"/>
    <property name="java.class.path" value="/home/bernstein/Projex/Code/EclipseWorqueRooms/blitz/lightning/target/test-classes:/home/bernstein/Projex/Code/EclipseWorqueRooms/blitz/lightning/target/classes:/home/bernstein/.m2/repository/jborg/myToolBoxMavenOld/0.0.1-SNAPSHOT/myToolBoxMavenOld-0.0.1-SNAPSHOT.jar:/home/bernstein/.m2/repository/org/openjfx/javafx-controls/13/javafx-controls-13.jar:/home/bernstein/.m2/repository/org/openjfx/javafx-controls/13/javafx-controls-13-linux.jar:/home/bernstein/.m2/repository/org/openjfx/javafx-graphics/13/javafx-graphics-13.jar:/home/bernstein/.m2/repository/org/openjfx/javafx-graphics/13/javafx-graphics-13-linux.jar:/home/bernstein/.m2/repository/org/openjfx/javafx-base/13/javafx-base-13.jar:/home/bernstein/.m2/repository/org/openjfx/javafx-base/13/javafx-base-13-linux.jar:/home/bernstein/.m2/repository/org/junit/jupiter/junit-jupiter-engine/5.9.1/junit-jupiter-engine-5.9.1.jar:/home/bernstein/.m2/repository/org/junit/platform/junit-platform-engine/1.9.1/junit-platform-engine-1.9.1.jar:/home/bernstein/.m2/repository/org/opentest4j/opentest4j/1.2.0/opentest4j-1.2.0.jar:/home/bernstein/.m2/repository/org/junit/platform/junit-platform-commons/1.9.1/junit-platform-commons-1.9.1.jar:/home/bernstein/.m2/repository/org/junit/jupiter/junit-jupiter-api/5.9.1/junit-jupiter-api-5.9.1.jar:/home/bernstein/.m2/repository/org/apiguardian/apiguardian-api/1.1.2/apiguardian-api-1.1.2.jar:"/>
    <property name="java.vm.vendor" value="Private Build"/>
    <property name="sun.arch.data.model" value="64"/>
    <property name="java.vendor.url" value="Unknown"/>
    <property name="os.name" value="Linux"/>
    <property name="java.vm.specification.version" value="19"/>
    <property name="javafx.version" value="13"/>
    <property name="sun.java.launcher" value="SUN_STANDARD"/>
    <property name="user.country" value="DE"/>
    <property name="sun.boot.library.path" value="/usr/lib/jvm/java-19-openjdk-amd64/lib"/>
    <property name="sun.java.command" value="/home/bernstein/Projex/Code/EclipseWorqueRooms/blitz/lightning/target/surefire/surefirebooter-20240413231240752_3.jar /home/bernstein/Projex/Code/EclipseWorqueRooms/blitz/lightning/target/surefire 2024-04-13T23-12-40_323-jvmRun1 surefire-20240413231240752_1tmp surefire_0-20240413231240752_2tmp"/>
    <property name="jdk.debug" value="release"/>
    <property name="surefire.test.class.path" value="/home/bernstein/Projex/Code/EclipseWorqueRooms/blitz/lightning/target/test-classes:/home/bernstein/Projex/Code/EclipseWorqueRooms/blitz/lightning/target/classes:/home/bernstein/.m2/repository/jborg/myToolBoxMavenOld/0.0.1-SNAPSHOT/myToolBoxMavenOld-0.0.1-SNAPSHOT.jar:/home/bernstein/.m2/repository/org/openjfx/javafx-controls/13/javafx-controls-13.jar:/home/bernstein/.m2/repository/org/openjfx/javafx-controls/13/javafx-controls-13-linux.jar:/home/bernstein/.m2/repository/org/openjfx/javafx-graphics/13/javafx-graphics-13.jar:/home/bernstein/.m2/repository/org/openjfx/javafx-graphics/13/javafx-graphics-13-linux.jar:/home/bernstein/.m2/repository/org/openjfx/javafx-base/13/javafx-base-13.jar:/home/bernstein/.m2/repository/org/openjfx/javafx-base/13/javafx-base-13-linux.jar:/home/bernstein/.m2/repository/org/junit/jupiter/junit-jupiter-engine/5.9.1/junit-jupiter-engine-5.9.1.jar:/home/bernstein/.m2/repository/org/junit/platform/junit-platform-engine/1.9.1/junit-platform-engine-1.9.1.jar:/home/bernstein/.m2/repository/org/opentest4j/opentest4j/1.2.0/opentest4j-1.2.0.jar:/home/bernstein/.m2/repository/org/junit/platform/junit-platform-commons/1.9.1/junit-platform-commons-1.9.1.jar:/home/bernstein/.m2/repository/org/junit/jupiter/junit-jupiter-api/5.9.1/junit-jupiter-api-5.9.1.jar:/home/bernstein/.m2/repository/org/apiguardian/apiguardian-api/1.1.2/apiguardian-api-1.1.2.jar:"/>
    <property name="sun.cpu.endian" value="little"/>
    <property name="user.home" value="/home/bernstein"/>
    <property name="user.language" value="de"/>
    <property name="java.specification.vendor" value="Oracle Corporation"/>
    <property name="java.version.date" value="2023-01-17"/>
    <property name="java.home" value="/usr/lib/jvm/java-19-openjdk-amd64"/>
    <property name="file.separator" value="/"/>
    <property name="basedir" value="/home/bernstein/Projex/Code/EclipseWorqueRooms/blitz/lightning"/>
    <property name="style.color" value="always"/>
    <property name="java.vm.compressedOopsMode" value="32-bit"/>
    <property name="line.separator" value="&#10;"/>
    <property name="java.specification.name" value="Java Platform API Specification"/>
    <property name="java.vm.specification.vendor" value="Oracle Corporation"/>
    <property name="surefire.real.class.path" value="/home/bernstein/Projex/Code/EclipseWorqueRooms/blitz/lightning/target/surefire/surefirebooter-20240413231240752_3.jar"/>
    <property name="sun.management.compiler" value="HotSpot 64-Bit Tiered Compilers"/>
    <property name="java.runtime.version" value="19.0.2+7-Ubuntu-0ubuntu322.04"/>
    <property name="user.name" value="bernstein"/>
    <property name="stdout.encoding" value="UTF-8"/>
    <property name="path.separator" value=":"/>
    <property name="os.version" value="6.5.0-27-generic"/>
    <property name="java.runtime.name" value="OpenJDK Runtime Environment"/>
    <property name="file.encoding" value="UTF-8"/>
    <property name="java.vm.name" value="OpenJDK 64-Bit Server VM"/>
    <property name="localRepository" value="/home/bernstein/.m2/repository"/>
    <property name="java.vendor.url.bug" value="Unknown"/>
    <property name="java.io.tmpdir" value="/tmp"/>
    <property name="java.version" value="19.0.2"/>
    <property name="user.dir" value="/home/bernstein/Projex/Code/EclipseWorqueRooms/blitz/lightning"/>
    <property name="os.arch" value="amd64"/>
    <property name="java.vm.specification.name" value="Java Virtual Machine Specification"/>
    <property name="native.encoding" value="UTF-8"/>
    <property name="java.library.path" value="/usr/java/packages/lib:/usr/lib/x86_64-linux-gnu/jni:/lib/x86_64-linux-gnu:/usr/lib/x86_64-linux-gnu:/usr/lib/jni:/lib:/usr/lib"/>
    <property name="java.vm.info" value="mixed mode, sharing"/>
    <property name="stderr.encoding" value="UTF-8"/>
    <property name="java.vendor" value="Private Build"/>
    <property name="java.vm.version" value="19.0.2+7-Ubuntu-0ubuntu322.04"/>
    <property name="sun.io.unicode.encoding" value="UnicodeLittle"/>
    <property name="java.class.version" value="63.0"/>
  </properties>
  <testcase name="halfIsolatedTest" classname="lightning.LatticeTileGridCanvasTest" time="0.634">
    <system-out><![CDATA[Half isolated Test.

One of the short a ways
(0, 0)
(1, 0)
(2, 1)
(2, 2)


One of the long a ways
(0, 0)
(0, 1)
(1, 0)
(2, 0)
(1, 1)
(0, 2)
(1, 2)
(2, 1)
(2, 2)

Successful Snakes: 68
Final Snakes: 126

]]></system-out>
  </testcase>
  <testcase name="reversedEndAndStartUntilTheyDeadTest" classname="lightning.LatticeTileGridCanvasTest" time="0.018">
    <system-out><![CDATA[Until they Dead Test! Swap start/end
Final Snakes: 73
Successful Snakes: 39
]]></system-out>
  </testcase>
  <testcase name="optionsTest" classname="lightning.LatticeTileGridCanvasTest" time="0.002">
    <system-out><![CDATA[
Options Test.
]]></system-out>
  </testcase>
  <testcase name="divergenceTest" classname="lightning.LatticeTileGridCanvasTest" time="0.01">
    <system-out><![CDATA[
Divergence Test.
The new Snake Set Size: 1
Head: P(0, 1)
Head of Snake(0): P(0, 2)
Head of Snake(1): P(1, 2)
]]></system-out>
  </testcase>
  <testcase name="anotherDivergenceTest" classname="lightning.LatticeTileGridCanvasTest" time="0.01">
    <system-out><![CDATA[
Another Divergence Test.
The new Snake Set Size: 1
Head: P(1, 0)
Head(0):P(2, 0)
Head(1):P(2, 1)
]]></system-out>
  </testcase>
  <testcase name="untilTheyDeadTest" classname="lightning.LatticeTileGridCanvasTest" time="0.004">
    <system-out><![CDATA[
Until they Dead Test!
Final Snakes: 32
Successful Snakes: 16
]]></system-out>
  </testcase>
  <testcase name="anotherUntilTheyDeadTest" classname="lightning.LatticeTileGridCanvasTest" time="0.01">
    <system-out><![CDATA[
Until they Dead Test!

Found a way
(0, 0)
(1, 0)
(2, 0)
(3, 0)
(3, 1)
(3, 2)
(3, 3)

Successful Snakes: 4
Final Snakes: 5
]]></system-out>
  </testcase>
</testsuite>